<?xml version="1.0" ?>
<!DOCTYPE coverage
  SYSTEM 'http://cobertura.sourceforge.net/xml/coverage-04.dtd'>
<coverage branch-rate="0.1244110047119623" branches-covered="1637" branches-valid="13158" complexity="0" line-rate="0.16462075203514667" lines-covered="1274" lines-valid="7739" timestamp="1755069589" version="2.0.3">
	<sources>
		<source>.</source>
	</sources>
	<packages>
		<package line-rate="0.12371990035981179" branch-rate="0.034784784784784785" name="src" complexity="0">
			<classes>
				<class branch-rate="0.00686106346483705" complexity="0" filename="src/boozer_converter.F90" line-rate="0.0176678445229682" name="src.boozer_converter.F90">
					<methods/>
					<lines>
						<line branch="false" hits="0" number="17"/>
						<line branch="true" hits="0" number="26" condition-coverage="0% (0/4)"/>
						<line branch="true" hits="0" number="27" condition-coverage="0% (0/4)"/>
						<line branch="false" hits="0" number="30"/>
						<line branch="false" hits="0" number="32"/>
						<line branch="false" hits="0" number="34"/>
						<line branch="false" hits="0" number="40"/>
						<line branch="false" hits="0" number="42"/>
						<line branch="false" hits="0" number="44"/>
						<line branch="false" hits="0" number="68"/>
						<line branch="false" hits="0" number="69"/>
						<line branch="false" hits="0" number="70"/>
						<line branch="false" hits="0" number="71"/>
						<line branch="false" hits="0" number="72"/>
						<line branch="false" hits="0" number="74"/>
						<line branch="false" hits="0" number="75"/>
						<line branch="false" hits="0" number="76"/>
						<line branch="false" hits="0" number="78"/>
						<line branch="false" hits="0" number="80"/>
						<line branch="false" hits="0" number="82"/>
						<line branch="false" hits="0" number="86"/>
						<line branch="false" hits="0" number="128"/>
						<line branch="true" hits="0" number="130" condition-coverage="0% (0/2)"/>
						<line branch="false" hits="0" number="131"/>
						<line branch="false" hits="0" number="132"/>
						<line branch="false" hits="0" number="135"/>
						<line branch="false" hits="0" number="136"/>
						<line branch="false" hits="0" number="140"/>
						<line branch="false" hits="0" number="144"/>
						<line branch="false" hits="0" number="145"/>
						<line branch="false" hits="0" number="146"/>
						<line branch="false" hits="0" number="147"/>
						<line branch="false" hits="0" number="149"/>
						<line branch="false" hits="0" number="150"/>
						<line branch="false" hits="0" number="151"/>
						<line branch="false" hits="0" number="152"/>
						<line branch="true" hits="0" number="154" condition-coverage="0% (0/2)"/>
						<line branch="false" hits="0" number="155"/>
						<line branch="false" hits="0" number="156"/>
						<line branch="false" hits="0" number="157"/>
						<line branch="false" hits="0" number="160"/>
						<line branch="false" hits="0" number="161"/>
						<line branch="false" hits="0" number="164"/>
						<line branch="true" hits="0" number="166" condition-coverage="0% (0/2)"/>
						<line branch="false" hits="0" number="167"/>
						<line branch="false" hits="0" number="176"/>
						<line branch="false" hits="0" number="177"/>
						<line branch="false" hits="0" number="178"/>
						<line branch="false" hits="0" number="179"/>
						<line branch="false" hits="0" number="180"/>
						<line branch="false" hits="0" number="182"/>
						<line branch="false" hits="0" number="183"/>
						<line branch="true" hits="0" number="191" condition-coverage="0% (0/4)"/>
						<line branch="true" hits="0" number="192" condition-coverage="0% (0/4)"/>
						<line branch="true" hits="0" number="193" condition-coverage="0% (0/4)"/>
						<line branch="true" hits="0" number="195" condition-coverage="0% (0/2)"/>
						<line branch="true" hits="0" number="197" condition-coverage="0% (0/4)"/>
						<line branch="true" hits="0" number="200" condition-coverage="0% (0/4)"/>
						<line branch="true" hits="0" number="203" condition-coverage="0% (0/4)"/>
						<line branch="true" hits="0" number="207" condition-coverage="0% (0/4)"/>
						<line branch="true" hits="0" number="209" condition-coverage="0% (0/4)"/>
						<line branch="true" hits="0" number="215" condition-coverage="0% (0/2)"/>
						<line branch="true" hits="0" number="216" condition-coverage="0% (0/2)"/>
						<line branch="true" hits="0" number="217" condition-coverage="0% (0/2)"/>
						<line branch="true" hits="0" number="218" condition-coverage="0% (0/2)"/>
						<line branch="true" hits="0" number="219" condition-coverage="0% (0/2)"/>
						<line branch="true" hits="0" number="220" condition-coverage="0% (0/2)"/>
						<line branch="true" hits="0" number="222" condition-coverage="0% (0/2)"/>
						<line branch="true" hits="0" number="223" condition-coverage="0% (0/2)"/>
						<line branch="true" hits="0" number="224" condition-coverage="0% (0/2)"/>
						<line branch="true" hits="0" number="226" condition-coverage="0% (0/2)"/>
						<line branch="true" hits="0" number="227" condition-coverage="0% (0/2)"/>
						<line branch="true" hits="0" number="229" condition-coverage="0% (0/2)"/>
						<line branch="true" hits="0" number="231" condition-coverage="0% (0/2)"/>
						<line branch="true" hits="0" number="235" condition-coverage="0% (0/2)"/>
						<line branch="true" hits="0" number="237" condition-coverage="0% (0/2)"/>
						<line branch="true" hits="0" number="239" condition-coverage="0% (0/2)"/>
						<line branch="true" hits="0" number="240" condition-coverage="0% (0/2)"/>
						<line branch="true" hits="0" number="241" condition-coverage="0% (0/2)"/>
						<line branch="false" hits="0" number="247"/>
						<line branch="false" hits="0" number="248"/>
						<line branch="false" hits="0" number="249"/>
						<line branch="false" hits="0" number="250"/>
						<line branch="false" hits="0" number="252"/>
						<line branch="false" hits="0" number="253"/>
						<line branch="false" hits="0" number="254"/>
						<line branch="false" hits="0" number="255"/>
						<line branch="false" hits="0" number="256"/>
						<line branch="false" hits="0" number="257"/>
						<line branch="true" hits="0" number="259" condition-coverage="0% (0/2)"/>
						<line branch="false" hits="0" number="260"/>
						<line branch="false" hits="0" number="261"/>
						<line branch="false" hits="0" number="262"/>
						<line branch="false" hits="0" number="263"/>
						<line branch="false" hits="0" number="265"/>
						<line branch="false" hits="0" number="266"/>
						<line branch="false" hits="0" number="267"/>
						<line branch="false" hits="0" number="268"/>
						<line branch="false" hits="0" number="269"/>
						<line branch="false" hits="0" number="270"/>
						<line branch="false" hits="0" number="273"/>
						<line branch="false" hits="0" number="274"/>
						<line branch="false" hits="0" number="275"/>
						<line branch="false" hits="0" number="277"/>
						<line branch="false" hits="0" number="278"/>
						<line branch="false" hits="0" number="279"/>
						<line branch="false" hits="0" number="281"/>
						<line branch="false" hits="0" number="282"/>
						<line branch="false" hits="0" number="283"/>
						<line branch="false" hits="0" number="288"/>
						<line branch="false" hits="0" number="289"/>
						<line branch="false" hits="0" number="291"/>
						<line branch="false" hits="0" number="293"/>
						<line branch="false" hits="0" number="294"/>
						<line branch="false" hits="0" number="295"/>
						<line branch="false" hits="0" number="296"/>
						<line branch="false" hits="0" number="298"/>
						<line branch="false" hits="0" number="300"/>
						<line branch="false" hits="0" number="301"/>
						<line branch="false" hits="0" number="302"/>
						<line branch="false" hits="0" number="304"/>
						<line branch="false" hits="0" number="305"/>
						<line branch="false" hits="0" number="306"/>
						<line branch="false" hits="0" number="307"/>
						<line branch="false" hits="0" number="308"/>
						<line branch="false" hits="0" number="309"/>
						<line branch="false" hits="0" number="317"/>
						<line branch="false" hits="0" number="318"/>
						<line branch="false" hits="0" number="319"/>
						<line branch="false" hits="0" number="320"/>
						<line branch="false" hits="0" number="321"/>
						<line branch="false" hits="0" number="322"/>
						<line branch="true" hits="0" number="324" condition-coverage="0% (0/2)"/>
						<line branch="false" hits="0" number="325"/>
						<line branch="false" hits="0" number="326"/>
						<line branch="false" hits="0" number="327"/>
						<line branch="false" hits="0" number="328"/>
						<line branch="false" hits="0" number="329"/>
						<line branch="false" hits="0" number="330"/>
						<line branch="false" hits="0" number="334"/>
						<line branch="false" hits="0" number="335"/>
						<line branch="false" hits="0" number="337"/>
						<line branch="false" hits="0" number="338"/>
						<line branch="false" hits="0" number="340"/>
						<line branch="false" hits="0" number="341"/>
						<line branch="false" hits="0" number="342"/>
						<line branch="false" hits="0" number="343"/>
						<line branch="true" hits="0" number="352" condition-coverage="0% (0/2)"/>
						<line branch="true" hits="0" number="356" condition-coverage="0% (0/4)"/>
						<line branch="true" hits="0" number="357" condition-coverage="0% (0/4)"/>
						<line branch="true" hits="0" number="358" condition-coverage="0% (0/4)"/>
						<line branch="true" hits="0" number="360" condition-coverage="0% (0/2)"/>
						<line branch="true" hits="0" number="363" condition-coverage="0% (0/4)"/>
						<line branch="true" hits="0" number="366" condition-coverage="0% (0/4)"/>
						<line branch="true" hits="0" number="369" condition-coverage="0% (0/4)"/>
						<line branch="true" hits="0" number="375" condition-coverage="0% (0/4)"/>
						<line branch="true" hits="0" number="378" condition-coverage="0% (0/4)"/>
						<line branch="true" hits="0" number="384" condition-coverage="0% (0/2)"/>
						<line branch="true" hits="0" number="385" condition-coverage="0% (0/2)"/>
						<line branch="true" hits="0" number="386" condition-coverage="0% (0/2)"/>
						<line branch="true" hits="0" number="387" condition-coverage="0% (0/2)"/>
						<line branch="true" hits="0" number="388" condition-coverage="0% (0/2)"/>
						<line branch="true" hits="0" number="389" condition-coverage="0% (0/2)"/>
						<line branch="true" hits="0" number="391" condition-coverage="0% (0/2)"/>
						<line branch="true" hits="0" number="393" condition-coverage="0% (0/2)"/>
						<line branch="true" hits="0" number="395" condition-coverage="0% (0/2)"/>
						<line branch="true" hits="0" number="397" condition-coverage="0% (0/2)"/>
						<line branch="true" hits="0" number="399" condition-coverage="0% (0/2)"/>
						<line branch="true" hits="0" number="402" condition-coverage="0% (0/2)"/>
						<line branch="true" hits="0" number="404" condition-coverage="0% (0/2)"/>
						<line branch="true" hits="0" number="408" condition-coverage="0% (0/2)"/>
						<line branch="true" hits="0" number="411" condition-coverage="0% (0/2)"/>
						<line branch="true" hits="0" number="414" condition-coverage="0% (0/2)"/>
						<line branch="true" hits="0" number="416" condition-coverage="0% (0/2)"/>
						<line branch="true" hits="0" number="418" condition-coverage="0% (0/2)"/>
						<line branch="false" hits="0" number="424"/>
						<line branch="false" hits="0" number="425"/>
						<line branch="false" hits="0" number="426"/>
						<line branch="false" hits="0" number="427"/>
						<line branch="false" hits="0" number="429"/>
						<line branch="false" hits="0" number="430"/>
						<line branch="false" hits="0" number="431"/>
						<line branch="false" hits="0" number="432"/>
						<line branch="false" hits="0" number="433"/>
						<line branch="false" hits="0" number="434"/>
						<line branch="true" hits="0" number="436" condition-coverage="0% (0/2)"/>
						<line branch="false" hits="0" number="437"/>
						<line branch="false" hits="0" number="438"/>
						<line branch="false" hits="0" number="439"/>
						<line branch="false" hits="0" number="440"/>
						<line branch="false" hits="0" number="442"/>
						<line branch="false" hits="0" number="443"/>
						<line branch="false" hits="0" number="444"/>
						<line branch="false" hits="0" number="445"/>
						<line branch="false" hits="0" number="446"/>
						<line branch="false" hits="0" number="447"/>
						<line branch="false" hits="0" number="450"/>
						<line branch="false" hits="0" number="451"/>
						<line branch="false" hits="0" number="452"/>
						<line branch="false" hits="0" number="454"/>
						<line branch="false" hits="0" number="455"/>
						<line branch="false" hits="0" number="456"/>
						<line branch="false" hits="0" number="458"/>
						<line branch="false" hits="0" number="459"/>
						<line branch="false" hits="0" number="460"/>
						<line branch="false" hits="0" number="465"/>
						<line branch="false" hits="0" number="466"/>
						<line branch="false" hits="0" number="468"/>
						<line branch="false" hits="0" number="470"/>
						<line branch="false" hits="0" number="471"/>
						<line branch="false" hits="0" number="472"/>
						<line branch="false" hits="0" number="473"/>
						<line branch="false" hits="0" number="475"/>
						<line branch="false" hits="0" number="477"/>
						<line branch="false" hits="0" number="478"/>
						<line branch="false" hits="0" number="479"/>
						<line branch="false" hits="0" number="481"/>
						<line branch="false" hits="0" number="482"/>
						<line branch="false" hits="0" number="483"/>
						<line branch="false" hits="0" number="484"/>
						<line branch="false" hits="0" number="485"/>
						<line branch="false" hits="0" number="486"/>
						<line branch="false" hits="0" number="489"/>
						<line branch="false" hits="0" number="490"/>
						<line branch="false" hits="0" number="491"/>
						<line branch="false" hits="0" number="496"/>
						<line branch="false" hits="0" number="500"/>
						<line branch="true" hits="0" number="534" condition-coverage="0% (0/2)"/>
						<line branch="false" hits="0" number="535"/>
						<line branch="false" hits="0" number="536"/>
						<line branch="false" hits="0" number="541"/>
						<line branch="false" hits="0" number="545"/>
						<line branch="false" hits="0" number="546"/>
						<line branch="false" hits="0" number="547"/>
						<line branch="false" hits="0" number="548"/>
						<line branch="false" hits="0" number="549"/>
						<line branch="false" hits="0" number="551"/>
						<line branch="false" hits="0" number="552"/>
						<line branch="true" hits="0" number="558" condition-coverage="0% (0/2)"/>
						<line branch="true" hits="0" number="560" condition-coverage="0% (0/6)"/>
						<line branch="true" hits="0" number="562" condition-coverage="0% (0/2)"/>
						<line branch="true" hits="0" number="565" condition-coverage="0% (0/6)"/>
						<line branch="true" hits="0" number="567" condition-coverage="0% (0/2)"/>
						<line branch="true" hits="0" number="568" condition-coverage="0% (0/2)"/>
						<line branch="false" hits="0" number="569"/>
						<line branch="false" hits="0" number="570"/>
						<line branch="true" hits="0" number="573" condition-coverage="0% (0/6)"/>
						<line branch="true" hits="0" number="575" condition-coverage="0% (0/2)"/>
						<line branch="true" hits="0" number="578" condition-coverage="0% (0/6)"/>
						<line branch="false" hits="0" number="581"/>
						<line branch="false" hits="0" number="582"/>
						<line branch="true" hits="0" number="589" condition-coverage="0% (0/4)"/>
						<line branch="true" hits="0" number="590" condition-coverage="0% (0/4)"/>
						<line branch="true" hits="0" number="592" condition-coverage="0% (0/2)"/>
						<line branch="true" hits="0" number="593" condition-coverage="0% (0/4)"/>
						<line branch="true" hits="0" number="595" condition-coverage="0% (0/4)"/>
						<line branch="true" hits="0" number="598" condition-coverage="0% (0/4)"/>
						<line branch="true" hits="0" number="604" condition-coverage="0% (0/2)"/>
						<line branch="true" hits="0" number="605" condition-coverage="0% (0/2)"/>
						<line branch="true" hits="0" number="606" condition-coverage="0% (0/2)"/>
						<line branch="true" hits="0" number="608" condition-coverage="0% (0/2)"/>
						<line branch="true" hits="0" number="609" condition-coverage="0% (0/2)"/>
						<line branch="true" hits="0" number="610" condition-coverage="0% (0/2)"/>
						<line branch="true" hits="0" number="611" condition-coverage="0% (0/2)"/>
						<line branch="true" hits="0" number="614" condition-coverage="0% (0/2)"/>
						<line branch="true" hits="0" number="615" condition-coverage="0% (0/2)"/>
						<line branch="false" hits="0" number="619"/>
						<line branch="false" hits="0" number="620"/>
						<line branch="false" hits="0" number="622"/>
						<line branch="false" hits="0" number="623"/>
						<line branch="false" hits="0" number="625"/>
						<line branch="false" hits="0" number="626"/>
						<line branch="false" hits="0" number="632"/>
						<line branch="false" hits="0" number="647"/>
						<line branch="true" hits="0" number="649" condition-coverage="0% (0/4)"/>
						<line branch="true" hits="0" number="650" condition-coverage="0% (0/4)"/>
						<line branch="false" hits="0" number="652"/>
						<line branch="false" hits="0" number="656"/>
						<line branch="true" hits="0" number="675" condition-coverage="0% (0/2)"/>
						<line branch="false" hits="0" number="678"/>
						<line branch="false" hits="0" number="680"/>
						<line branch="false" hits="0" number="681"/>
						<line branch="false" hits="0" number="683"/>
						<line branch="false" hits="0" number="684"/>
						<line branch="true" hits="0" number="689" condition-coverage="0% (0/2)"/>
						<line branch="false" hits="0" number="692"/>
						<line branch="false" hits="0" number="694"/>
						<line branch="false" hits="0" number="695"/>
						<line branch="false" hits="0" number="696"/>
						<line branch="false" hits="0" number="697"/>
						<line branch="false" hits="0" number="698"/>
						<line branch="false" hits="0" number="699"/>
						<line branch="false" hits="0" number="701"/>
						<line branch="false" hits="0" number="702"/>
						<line branch="false" hits="0" number="703"/>
						<line branch="false" hits="0" number="705"/>
						<line branch="false" hits="0" number="706"/>
						<line branch="true" hits="0" number="707" condition-coverage="0% (0/2)"/>
						<line branch="false" hits="0" number="713"/>
						<line branch="false" hits="0" number="715"/>
						<line branch="false" hits="0" number="749"/>
						<line branch="false" hits="0" number="750"/>
						<line branch="false" hits="0" number="751"/>
						<line branch="false" hits="0" number="752"/>
						<line branch="false" hits="0" number="753"/>
						<line branch="false" hits="0" number="754"/>
						<line branch="false" hits="0" number="755"/>
						<line branch="false" hits="0" number="756"/>
						<line branch="false" hits="0" number="757"/>
						<line branch="false" hits="0" number="758"/>
						<line branch="false" hits="0" number="760"/>
						<line branch="false" hits="0" number="761"/>
						<line branch="false" hits="0" number="763"/>
						<line branch="false" hits="0" number="764"/>
						<line branch="false" hits="0" number="765"/>
						<line branch="false" hits="0" number="767"/>
						<line branch="true" hits="0" number="769" condition-coverage="0% (0/2)"/>
						<line branch="false" hits="0" number="770"/>
						<line branch="false" hits="0" number="772"/>
						<line branch="false" hits="0" number="775"/>
						<line branch="true" hits="0" number="777" condition-coverage="0% (0/12)"/>
						<line branch="true" hits="0" number="778" condition-coverage="0% (0/2)"/>
						<line branch="true" hits="0" number="779" condition-coverage="0% (0/8)"/>
						<line branch="true" hits="0" number="780" condition-coverage="0% (0/20)"/>
						<line branch="true" hits="0" number="781" condition-coverage="0% (0/20)"/>
						<line branch="true" hits="0" number="784" condition-coverage="0% (0/16)"/>
						<line branch="true" hits="0" number="785" condition-coverage="0% (0/12)"/>
						<line branch="true" hits="0" number="786" condition-coverage="0% (0/12)"/>
						<line branch="true" hits="0" number="787" condition-coverage="0% (0/12)"/>
						<line branch="true" hits="0" number="788" condition-coverage="0% (0/12)"/>
						<line branch="true" hits="0" number="789" condition-coverage="0% (0/12)"/>
						<line branch="true" hits="0" number="790" condition-coverage="0% (0/20)"/>
						<line branch="true" hits="0" number="791" condition-coverage="0% (0/12)"/>
						<line branch="true" hits="0" number="792" condition-coverage="0% (0/12)"/>
						<line branch="true" hits="0" number="793" condition-coverage="0% (0/8)"/>
						<line branch="true" hits="0" number="794" condition-coverage="0% (0/12)"/>
						<line branch="true" hits="0" number="795" condition-coverage="0% (0/8)"/>
						<line branch="true" hits="0" number="796" condition-coverage="0% (0/12)"/>
						<line branch="true" hits="0" number="797" condition-coverage="0% (0/12)"/>
						<line branch="true" hits="0" number="798" condition-coverage="0% (0/16)"/>
						<line branch="true" hits="0" number="800" condition-coverage="0% (0/16)"/>
						<line branch="true" hits="0" number="801" condition-coverage="0% (0/16)"/>
						<line branch="true" hits="0" number="804" condition-coverage="0% (0/2)"/>
						<line branch="true" hits="0" number="805" condition-coverage="0% (0/20)"/>
						<line branch="true" hits="0" number="806" condition-coverage="0% (0/2)"/>
						<line branch="false" hits="0" number="807"/>
						<line branch="true" hits="0" number="808" condition-coverage="0% (0/38)"/>
						<line branch="true" hits="0" number="809" condition-coverage="0% (0/4)"/>
						<line branch="false" hits="0" number="810"/>
						<line branch="true" hits="0" number="811" condition-coverage="0% (0/38)"/>
						<line branch="true" hits="0" number="812" condition-coverage="0% (0/2)"/>
						<line branch="false" hits="0" number="813"/>
						<line branch="true" hits="0" number="814" condition-coverage="0% (0/38)"/>
						<line branch="true" hits="0" number="815" condition-coverage="0% (0/4)"/>
						<line branch="false" hits="0" number="816"/>
						<line branch="true" hits="0" number="817" condition-coverage="0% (0/38)"/>
						<line branch="true" hits="0" number="819" condition-coverage="0% (0/2)"/>
						<line branch="false" hits="0" number="820"/>
						<line branch="false" hits="0" number="821"/>
						<line branch="true" hits="0" number="826" condition-coverage="0% (0/2)"/>
						<line branch="false" hits="0" number="827"/>
						<line branch="false" hits="0" number="829"/>
						<line branch="true" hits="0" number="830" condition-coverage="0% (0/2)"/>
						<line branch="true" hits="0" number="831" condition-coverage="0% (0/2)"/>
						<line branch="true" hits="0" number="833" condition-coverage="0% (0/2)"/>
						<line branch="false" hits="0" number="834"/>
						<line branch="false" hits="0" number="836"/>
						<line branch="true" hits="0" number="837" condition-coverage="0% (0/2)"/>
						<line branch="true" hits="0" number="838" condition-coverage="0% (0/2)"/>
						<line branch="true" hits="0" number="840" condition-coverage="0% (0/2)"/>
						<line branch="false" hits="0" number="841"/>
						<line branch="false" hits="0" number="842"/>
						<line branch="true" hits="0" number="844" condition-coverage="0% (0/2)"/>
						<line branch="false" hits="0" number="845"/>
						<line branch="true" hits="0" number="846" condition-coverage="0% (0/2)"/>
						<line branch="false" hits="0" number="847"/>
						<line branch="true" hits="0" number="849" condition-coverage="0% (0/2)"/>
						<line branch="false" hits="0" number="855"/>
						<line branch="false" hits="0" number="861"/>
						<line branch="false" hits="0" number="864"/>
						<line branch="false" hits="0" number="867"/>
						<line branch="false" hits="0" number="868"/>
						<line branch="false" hits="0" number="870"/>
						<line branch="false" hits="0" number="871"/>
						<line branch="false" hits="0" number="872"/>
						<line branch="false" hits="0" number="873"/>
						<line branch="true" hits="0" number="878" condition-coverage="0% (0/4)"/>
						<line branch="true" hits="0" number="879" condition-coverage="0% (0/4)"/>
						<line branch="false" hits="0" number="880"/>
						<line branch="false" hits="0" number="881"/>
						<line branch="false" hits="0" number="883"/>
						<line branch="false" hits="0" number="884"/>
						<line branch="true" hits="0" number="886" condition-coverage="0% (0/2)"/>
						<line branch="false" hits="0" number="888"/>
						<line branch="false" hits="0" number="890"/>
						<line branch="true" hits="0" number="891" condition-coverage="0% (0/2)"/>
						<line branch="true" hits="0" number="894" condition-coverage="0% (0/2)"/>
						<line branch="false" hits="0" number="898"/>
						<line branch="true" hits="0" number="899" condition-coverage="0% (0/2)"/>
						<line branch="false" hits="0" number="901"/>
						<line branch="true" hits="0" number="904" condition-coverage="0% (0/2)"/>
						<line branch="true" hits="0" number="905" condition-coverage="0% (0/2)"/>
						<line branch="false" hits="0" number="907"/>
						<line branch="true" hits="0" number="909" condition-coverage="0% (0/2)"/>
						<line branch="true" hits="0" number="912" condition-coverage="0% (0/2)"/>
						<line branch="false" hits="0" number="915"/>
						<line branch="true" hits="0" number="916" condition-coverage="0% (0/2)"/>
						<line branch="false" hits="0" number="919"/>
						<line branch="true" hits="0" number="925" condition-coverage="0% (0/4)"/>
						<line branch="true" hits="0" number="928" condition-coverage="0% (0/6)"/>
						<line branch="true" hits="0" number="930" condition-coverage="0% (0/4)"/>
						<line branch="true" hits="0" number="931" condition-coverage="0% (0/4)"/>
						<line branch="true" hits="0" number="938" condition-coverage="0% (0/2)"/>
						<line branch="true" hits="0" number="939" condition-coverage="0% (0/2)"/>
						<line branch="true" hits="0" number="940" condition-coverage="0% (0/2)"/>
						<line branch="true" hits="0" number="941" condition-coverage="0% (0/2)"/>
						<line branch="true" hits="0" number="942" condition-coverage="0% (0/4)"/>
						<line branch="true" hits="0" number="944" condition-coverage="0% (0/4)"/>
						<line branch="true" hits="0" number="945" condition-coverage="0% (0/4)"/>
						<line branch="true" hits="0" number="946" condition-coverage="0% (0/8)"/>
						<line branch="true" hits="0" number="947" condition-coverage="0% (0/2)"/>
						<line branch="false" hits="0" number="949"/>
						<line branch="false" hits="0" number="951"/>
						<line branch="false" hits="0" number="952"/>
						<line branch="false" hits="0" number="954"/>
						<line branch="true" hits="0" number="956" condition-coverage="0% (0/6)"/>
						<line branch="true" hits="0" number="964" condition-coverage="0% (0/2)"/>
						<line branch="true" hits="0" number="965" condition-coverage="0% (0/4)"/>
						<line branch="true" hits="0" number="966" condition-coverage="0% (0/4)"/>
						<line branch="true" hits="0" number="968" condition-coverage="0% (0/4)"/>
						<line branch="true" hits="0" number="969" condition-coverage="0% (0/8)"/>
						<line branch="true" hits="0" number="970" condition-coverage="0% (0/2)"/>
						<line branch="false" hits="0" number="972"/>
						<line branch="false" hits="0" number="974"/>
						<line branch="false" hits="0" number="975"/>
						<line branch="false" hits="0" number="977"/>
						<line branch="true" hits="0" number="979" condition-coverage="0% (0/6)"/>
						<line branch="true" hits="0" number="983" condition-coverage="0% (0/8)"/>
						<line branch="true" hits="0" number="984" condition-coverage="0% (0/4)"/>
						<line branch="true" hits="0" number="988" condition-coverage="0% (0/2)"/>
						<line branch="false" hits="0" number="989"/>
						<line branch="true" hits="0" number="990" condition-coverage="0% (0/4)"/>
						<line branch="true" hits="0" number="992" condition-coverage="0% (0/6)"/>
						<line branch="true" hits="0" number="999" condition-coverage="0% (0/2)"/>
						<line branch="true" hits="0" number="1000" condition-coverage="0% (0/2)"/>
						<line branch="false" hits="0" number="1001"/>
						<line branch="false" hits="0" number="1002"/>
						<line branch="false" hits="0" number="1003"/>
						<line branch="true" hits="0" number="1004" condition-coverage="0% (0/4)"/>
						<line branch="true" hits="0" number="1006" condition-coverage="0% (0/2)"/>
						<line branch="false" hits="0" number="1007"/>
						<line branch="false" hits="0" number="1008"/>
						<line branch="true" hits="0" number="1009" condition-coverage="0% (0/2)"/>
						<line branch="true" hits="0" number="1012" condition-coverage="0% (0/2)"/>
						<line branch="false" hits="0" number="1013"/>
						<line branch="false" hits="0" number="1014"/>
						<line branch="false" hits="0" number="1017"/>
						<line branch="true" hits="0" number="1020" condition-coverage="0% (0/2)"/>
						<line branch="false" hits="0" number="1024"/>
						<line branch="true" hits="0" number="1027" condition-coverage="0% (0/12)"/>
						<line branch="true" hits="0" number="1028" condition-coverage="0% (0/26)"/>
						<line branch="true" hits="0" number="1032" condition-coverage="0% (0/6)"/>
						<line branch="false" hits="0" number="1037"/>
						<line branch="false" hits="0" number="1038"/>
						<line branch="false" hits="0" number="1039"/>
						<line branch="true" hits="0" number="1040" condition-coverage="0% (0/32)"/>
						<line branch="false" hits="0" number="1042"/>
						<line branch="true" hits="0" number="1044" condition-coverage="0% (0/12)"/>
						<line branch="false" hits="0" number="1046"/>
						<line branch="false" hits="0" number="1060"/>
						<line branch="false" hits="0" number="1062"/>
						<line branch="true" hits="0" number="1064" condition-coverage="0% (0/2)"/>
						<line branch="false" hits="0" number="1065"/>
						<line branch="false" hits="0" number="1067"/>
						<line branch="true" hits="0" number="1070" condition-coverage="0% (0/16)"/>
						<line branch="true" hits="0" number="1071" condition-coverage="0% (0/16)"/>
						<line branch="true" hits="0" number="1075" condition-coverage="0% (0/2)"/>
						<line branch="true" hits="0" number="1076" condition-coverage="0% (0/2)"/>
						<line branch="true" hits="0" number="1078" condition-coverage="0% (0/2)"/>
						<line branch="true" hits="0" number="1079" condition-coverage="0% (0/2)"/>
						<line branch="false" hits="0" number="1081"/>
						<line branch="true" hits="0" number="1083" condition-coverage="0% (0/2)"/>
						<line branch="true" hits="0" number="1084" condition-coverage="0% (0/2)"/>
						<line branch="true" hits="0" number="1087" condition-coverage="0% (0/2)"/>
						<line branch="true" hits="0" number="1088" condition-coverage="0% (0/2)"/>
						<line branch="false" hits="0" number="1090"/>
						<line branch="true" hits="0" number="1092" condition-coverage="0% (0/2)"/>
						<line branch="true" hits="0" number="1093" condition-coverage="0% (0/2)"/>
						<line branch="true" hits="0" number="1098" condition-coverage="0% (0/2)"/>
						<line branch="false" hits="0" number="1100"/>
						<line branch="true" hits="0" number="1102" condition-coverage="0% (0/2)"/>
						<line branch="true" hits="0" number="1103" condition-coverage="0% (0/2)"/>
						<line branch="true" hits="0" number="1106" condition-coverage="0% (0/2)"/>
						<line branch="true" hits="0" number="1107" condition-coverage="0% (0/2)"/>
						<line branch="false" hits="0" number="1109"/>
						<line branch="true" hits="0" number="1111" condition-coverage="0% (0/2)"/>
						<line branch="true" hits="0" number="1112" condition-coverage="0% (0/2)"/>
						<line branch="true" hits="0" number="1121" condition-coverage="0% (0/2)"/>
						<line branch="true" hits="0" number="1122" condition-coverage="0% (0/2)"/>
						<line branch="true" hits="0" number="1123" condition-coverage="0% (0/2)"/>
						<line branch="true" hits="0" number="1125" condition-coverage="0% (0/2)"/>
						<line branch="true" hits="0" number="1126" condition-coverage="0% (0/2)"/>
						<line branch="false" hits="0" number="1128"/>
						<line branch="true" hits="0" number="1130" condition-coverage="0% (0/2)"/>
						<line branch="true" hits="0" number="1131" condition-coverage="0% (0/2)"/>
						<line branch="true" hits="0" number="1134" condition-coverage="0% (0/2)"/>
						<line branch="true" hits="0" number="1135" condition-coverage="0% (0/2)"/>
						<line branch="false" hits="0" number="1137"/>
						<line branch="true" hits="0" number="1139" condition-coverage="0% (0/2)"/>
						<line branch="true" hits="0" number="1140" condition-coverage="0% (0/2)"/>
						<line branch="true" hits="0" number="1145" condition-coverage="0% (0/2)"/>
						<line branch="false" hits="0" number="1147"/>
						<line branch="true" hits="0" number="1149" condition-coverage="0% (0/2)"/>
						<line branch="true" hits="0" number="1150" condition-coverage="0% (0/2)"/>
						<line branch="true" hits="0" number="1153" condition-coverage="0% (0/2)"/>
						<line branch="true" hits="0" number="1154" condition-coverage="0% (0/2)"/>
						<line branch="false" hits="0" number="1156"/>
						<line branch="true" hits="0" number="1158" condition-coverage="0% (0/2)"/>
						<line branch="true" hits="0" number="1159" condition-coverage="0% (0/2)"/>
						<line branch="true" hits="0" number="1169" condition-coverage="0% (0/16)"/>
						<line branch="true" hits="0" number="1171" condition-coverage="0% (0/2)"/>
						<line branch="true" hits="0" number="1172" condition-coverage="0% (0/2)"/>
						<line branch="false" hits="0" number="1174"/>
						<line branch="true" hits="0" number="1176" condition-coverage="0% (0/2)"/>
						<line branch="true" hits="0" number="1177" condition-coverage="0% (0/2)"/>
						<line branch="true" hits="0" number="1181" condition-coverage="0% (0/2)"/>
						<line branch="true" hits="0" number="1182" condition-coverage="0% (0/2)"/>
						<line branch="true" hits="0" number="1183" condition-coverage="0% (0/2)"/>
						<line branch="true" hits="0" number="1184" condition-coverage="0% (0/2)"/>
						<line branch="true" hits="0" number="1186" condition-coverage="0% (0/2)"/>
						<line branch="true" hits="0" number="1187" condition-coverage="0% (0/2)"/>
						<line branch="false" hits="0" number="1189"/>
						<line branch="true" hits="0" number="1191" condition-coverage="0% (0/2)"/>
						<line branch="true" hits="0" number="1192" condition-coverage="0% (0/2)"/>
						<line branch="true" hits="0" number="1195" condition-coverage="0% (0/2)"/>
						<line branch="true" hits="0" number="1196" condition-coverage="0% (0/2)"/>
						<line branch="false" hits="0" number="1198"/>
						<line branch="true" hits="0" number="1200" condition-coverage="0% (0/2)"/>
						<line branch="true" hits="0" number="1201" condition-coverage="0% (0/2)"/>
						<line branch="true" hits="0" number="1206" condition-coverage="0% (0/2)"/>
						<line branch="false" hits="0" number="1208"/>
						<line branch="true" hits="0" number="1210" condition-coverage="0% (0/2)"/>
						<line branch="true" hits="0" number="1211" condition-coverage="0% (0/2)"/>
						<line branch="true" hits="0" number="1214" condition-coverage="0% (0/2)"/>
						<line branch="true" hits="0" number="1215" condition-coverage="0% (0/2)"/>
						<line branch="false" hits="0" number="1217"/>
						<line branch="true" hits="0" number="1219" condition-coverage="0% (0/2)"/>
						<line branch="true" hits="0" number="1220" condition-coverage="0% (0/2)"/>
						<line branch="true" hits="0" number="1229" condition-coverage="0% (0/6)"/>
						<line branch="true" hits="0" number="1231" condition-coverage="0% (0/2)"/>
						<line branch="false" hits="0" number="1232"/>
						<line branch="false" hits="0" number="1233"/>
						<line branch="false" hits="0" number="1234"/>
						<line branch="false" hits="0" number="1237"/>
						<line branch="false" hits="0" number="1239"/>
						<line branch="false" hits="8" number="1241"/>
						<line branch="true" hits="8" number="1255" condition-coverage="100% (4/4)"/>
						<line branch="false" hits="8" number="1256"/>
						<line branch="false" hits="8" number="1257"/>
						<line branch="false" hits="8" number="1258"/>
						<line branch="true" hits="8" number="1260" condition-coverage="100% (4/4)"/>
						<line branch="false" hits="8" number="1261"/>
						<line branch="false" hits="8" number="1262"/>
						<line branch="false" hits="8" number="1263"/>
						<line branch="false" hits="8" number="1265"/>
						<line branch="true" hits="0" number="1268" condition-coverage="0% (0/2)"/>
					</lines>
				</class>
				<class branch-rate="0.0" complexity="0" filename="src/callback.f90" line-rate="0.0" name="src.callback.f90">
					<methods/>
					<lines>
						<line branch="true" hits="0" number="13" condition-coverage="0% (0/2)"/>
						<line branch="true" hits="0" number="19" condition-coverage="0% (0/4)"/>
						<line branch="false" hits="0" number="20"/>
						<line branch="true" hits="0" number="22" condition-coverage="0% (0/2)"/>
						<line branch="false" hits="0" number="23"/>
						<line branch="true" hits="0" number="26" condition-coverage="0% (0/2)"/>
						<line branch="false" hits="0" number="32"/>
						<line branch="true" hits="0" number="33" condition-coverage="0% (0/2)"/>
						<line branch="false" hits="0" number="34"/>
						<line branch="false" hits="0" number="35"/>
						<line branch="false" hits="0" number="37"/>
						<line branch="false" hits="0" number="38"/>
						<line branch="false" hits="0" number="41"/>
						<line branch="true" hits="0" number="44" condition-coverage="0% (0/2)"/>
						<line branch="true" hits="0" number="50" condition-coverage="0% (0/4)"/>
						<line branch="false" hits="0" number="52"/>
						<line branch="false" hits="0" number="53"/>
						<line branch="false" hits="0" number="55"/>
					</lines>
				</class>
				<class branch-rate="0.0" complexity="0" filename="src/chamb_m.f90" line-rate="0.0" name="src.chamb_m.f90">
					<methods/>
					<lines>
						<line branch="false" hits="0" number="9"/>
						<line branch="true" hits="0" number="26" condition-coverage="0% (0/2)"/>
						<line branch="false" hits="0" number="27"/>
						<line branch="false" hits="0" number="29"/>
						<line branch="true" hits="0" number="32" condition-coverage="0% (0/2)"/>
						<line branch="false" hits="0" number="33"/>
						<line branch="false" hits="0" number="34"/>
						<line branch="false" hits="0" number="37"/>
					</lines>
				</class>
				<class branch-rate="0.0" complexity="0" filename="src/check_orbit_type.f90" line-rate="0.0" name="src.check_orbit_type.f90">
					<methods/>
					<lines>
						<line branch="false" hits="0" number="20"/>
						<line branch="false" hits="0" number="41"/>
						<line branch="false" hits="0" number="43"/>
						<line branch="true" hits="0" number="45" condition-coverage="0% (0/2)"/>
						<line branch="false" hits="0" number="46"/>
						<line branch="false" hits="0" number="47"/>
						<line branch="false" hits="0" number="48"/>
						<line branch="false" hits="0" number="51"/>
						<line branch="true" hits="0" number="52" condition-coverage="0% (0/4)"/>
						<line branch="true" hits="0" number="53" condition-coverage="0% (0/4)"/>
						<line branch="false" hits="0" number="57"/>
						<line branch="true" hits="0" number="59" condition-coverage="0% (0/2)"/>
						<line branch="false" hits="0" number="60"/>
						<line branch="false" hits="0" number="61"/>
						<line branch="false" hits="0" number="62"/>
						<line branch="false" hits="0" number="63"/>
						<line branch="true" hits="0" number="66" condition-coverage="0% (0/2)"/>
						<line branch="false" hits="0" number="67"/>
						<line branch="false" hits="0" number="68"/>
						<line branch="false" hits="0" number="71"/>
						<line branch="true" hits="0" number="72" condition-coverage="0% (0/2)"/>
						<line branch="false" hits="0" number="73"/>
						<line branch="false" hits="0" number="74"/>
						<line branch="false" hits="0" number="75"/>
						<line branch="true" hits="0" number="77" condition-coverage="0% (0/2)"/>
						<line branch="true" hits="0" number="79" condition-coverage="0% (0/2)"/>
						<line branch="false" hits="0" number="81"/>
						<line branch="true" hits="0" number="82" condition-coverage="0% (0/4)"/>
						<line branch="true" hits="0" number="83" condition-coverage="0% (0/4)"/>
						<line branch="false" hits="0" number="84"/>
						<line branch="false" hits="0" number="85"/>
						<line branch="false" hits="0" number="86"/>
						<line branch="true" hits="0" number="87" condition-coverage="0% (0/2)"/>
						<line branch="true" hits="0" number="88" condition-coverage="0% (0/2)"/>
						<line branch="false" hits="0" number="89"/>
						<line branch="true" hits="0" number="90" condition-coverage="0% (0/2)"/>
						<line branch="false" hits="0" number="91"/>
						<line branch="false" hits="0" number="92"/>
						<line branch="false" hits="0" number="93"/>
						<line branch="false" hits="0" number="94"/>
						<line branch="false" hits="0" number="95"/>
						<line branch="false" hits="0" number="97"/>
						<line branch="false" hits="0" number="98"/>
						<line branch="false" hits="0" number="100"/>
						<line branch="false" hits="0" number="102"/>
						<line branch="true" hits="0" number="105" condition-coverage="0% (0/2)"/>
						<line branch="false" hits="0" number="108"/>
						<line branch="false" hits="0" number="110"/>
						<line branch="true" hits="0" number="113" condition-coverage="0% (0/2)"/>
						<line branch="false" hits="0" number="114"/>
						<line branch="true" hits="0" number="115" condition-coverage="0% (0/12)"/>
						<line branch="true" hits="0" number="117" condition-coverage="0% (0/10)"/>
						<line branch="true" hits="0" number="119" condition-coverage="0% (0/2)"/>
						<line branch="true" hits="0" number="120" condition-coverage="0% (0/2)"/>
						<line branch="false" hits="0" number="121"/>
						<line branch="true" hits="0" number="122" condition-coverage="0% (0/4)"/>
						<line branch="true" hits="0" number="123" condition-coverage="0% (0/2)"/>
						<line branch="false" hits="0" number="124"/>
						<line branch="false" hits="0" number="125"/>
						<line branch="true" hits="0" number="128" condition-coverage="0% (0/2)"/>
						<line branch="true" hits="0" number="130" condition-coverage="0% (0/2)"/>
						<line branch="false" hits="0" number="134"/>
						<line branch="false" hits="0" number="135"/>
						<line branch="true" hits="0" number="136" condition-coverage="0% (0/2)"/>
						<line branch="true" hits="0" number="137" condition-coverage="0% (0/2)"/>
						<line branch="false" hits="0" number="138"/>
						<line branch="false" hits="0" number="139"/>
						<line branch="false" hits="0" number="148"/>
						<line branch="false" hits="0" number="155"/>
						<line branch="false" hits="0" number="157"/>
						<line branch="true" hits="0" number="159" condition-coverage="0% (0/2)"/>
						<line branch="false" hits="0" number="160"/>
						<line branch="true" hits="0" number="161" condition-coverage="0% (0/2)"/>
						<line branch="false" hits="0" number="162"/>
						<line branch="true" hits="0" number="163" condition-coverage="0% (0/2)"/>
						<line branch="false" hits="0" number="164"/>
						<line branch="true" hits="0" number="165" condition-coverage="0% (0/4)"/>
						<line branch="false" hits="0" number="166"/>
						<line branch="false" hits="0" number="167"/>
					</lines>
				</class>
				<class branch-rate="0.0" complexity="0" filename="src/classification.f90" line-rate="0.0" name="src.classification.f90">
					<methods/>
					<lines>
						<line branch="false" hits="0" number="48"/>
						<line branch="false" hits="0" number="65"/>
						<line branch="false" hits="0" number="66"/>
						<line branch="false" hits="0" number="67"/>
						<line branch="false" hits="0" number="68"/>
						<line branch="true" hits="0" number="82" condition-coverage="0% (0/2)"/>
						<line branch="false" hits="0" number="84"/>
						<line branch="true" hits="0" number="94" condition-coverage="0% (0/2)"/>
						<line branch="true" hits="0" number="95" condition-coverage="0% (0/2)"/>
						<line branch="false" hits="0" number="96"/>
						<line branch="false" hits="0" number="97"/>
						<line branch="true" hits="0" number="98" condition-coverage="0% (0/2)"/>
						<line branch="false" hits="0" number="99"/>
						<line branch="false" hits="0" number="100"/>
						<line branch="false" hits="0" number="101"/>
						<line branch="true" hits="0" number="107" condition-coverage="0% (0/2)"/>
						<line branch="false" hits="0" number="108"/>
						<line branch="false" hits="0" number="109"/>
						<line branch="false" hits="0" number="110"/>
						<line branch="true" hits="0" number="112" condition-coverage="0% (0/2)"/>
						<line branch="false" hits="0" number="113"/>
						<line branch="true" hits="0" number="114" condition-coverage="0% (0/2)"/>
						<line branch="false" hits="0" number="115"/>
						<line branch="true" hits="0" number="119" condition-coverage="0% (0/2)"/>
						<line branch="false" hits="0" number="120"/>
						<line branch="true" hits="0" number="121" condition-coverage="0% (0/4)"/>
						<line branch="true" hits="0" number="125" condition-coverage="0% (0/2)"/>
						<line branch="false" hits="0" number="127"/>
						<line branch="false" hits="0" number="129"/>
						<line branch="true" hits="0" number="130" condition-coverage="0% (0/2)"/>
						<line branch="false" hits="0" number="131"/>
						<line branch="false" hits="0" number="133"/>
						<line branch="false" hits="0" number="134"/>
						<line branch="false" hits="0" number="135"/>
						<line branch="true" hits="0" number="136" condition-coverage="0% (0/2)"/>
						<line branch="true" hits="0" number="140" condition-coverage="0% (0/4)"/>
						<line branch="false" hits="0" number="141"/>
						<line branch="true" hits="0" number="142" condition-coverage="0% (0/2)"/>
						<line branch="true" hits="0" number="144" condition-coverage="0% (0/2)"/>
						<line branch="false" hits="0" number="145"/>
						<line branch="false" hits="0" number="146"/>
						<line branch="true" hits="0" number="149" condition-coverage="0% (0/2)"/>
						<line branch="false" hits="0" number="154"/>
						<line branch="true" hits="0" number="155" condition-coverage="0% (0/2)"/>
						<line branch="true" hits="0" number="156" condition-coverage="0% (0/54)"/>
						<line branch="true" hits="0" number="158" condition-coverage="0% (0/2)"/>
						<line branch="false" hits="0" number="159"/>
						<line branch="false" hits="0" number="162"/>
						<line branch="false" hits="0" number="163"/>
						<line branch="false" hits="0" number="164"/>
						<line branch="true" hits="0" number="166" condition-coverage="0% (0/20)"/>
						<line branch="false" hits="0" number="172"/>
						<line branch="false" hits="0" number="173"/>
						<line branch="false" hits="0" number="175"/>
						<line branch="false" hits="0" number="176"/>
						<line branch="false" hits="0" number="179"/>
						<line branch="true" hits="0" number="180" condition-coverage="0% (0/2)"/>
						<line branch="false" hits="0" number="181"/>
						<line branch="false" hits="0" number="184"/>
						<line branch="false" hits="0" number="191"/>
						<line branch="false" hits="0" number="192"/>
						<line branch="false" hits="0" number="198"/>
						<line branch="false" hits="0" number="199"/>
						<line branch="false" hits="0" number="205"/>
						<line branch="false" hits="0" number="208"/>
						<line branch="false" hits="0" number="209"/>
						<line branch="true" hits="0" number="210" condition-coverage="0% (0/2)"/>
						<line branch="true" hits="0" number="211" condition-coverage="0% (0/2)"/>
						<line branch="true" hits="0" number="212" condition-coverage="0% (0/2)"/>
						<line branch="false" hits="0" number="213"/>
						<line branch="false" hits="0" number="216"/>
						<line branch="false" hits="0" number="219"/>
						<line branch="false" hits="0" number="220"/>
						<line branch="true" hits="0" number="222" condition-coverage="0% (0/2)"/>
						<line branch="true" hits="0" number="223" condition-coverage="0% (0/2)"/>
						<line branch="false" hits="0" number="224"/>
						<line branch="false" hits="0" number="226"/>
						<line branch="true" hits="0" number="227" condition-coverage="0% (0/2)"/>
						<line branch="false" hits="0" number="228"/>
						<line branch="false" hits="0" number="229"/>
						<line branch="true" hits="0" number="233" condition-coverage="0% (0/4)"/>
						<line branch="false" hits="0" number="234"/>
						<line branch="true" hits="0" number="238" condition-coverage="0% (0/2)"/>
						<line branch="false" hits="0" number="239"/>
						<line branch="false" hits="0" number="241"/>
						<line branch="true" hits="0" number="242" condition-coverage="0% (0/2)"/>
						<line branch="true" hits="0" number="243" condition-coverage="0% (0/2)"/>
						<line branch="false" hits="0" number="244"/>
						<line branch="true" hits="0" number="246" condition-coverage="0% (0/2)"/>
						<line branch="false" hits="0" number="247"/>
						<line branch="true" hits="0" number="248" condition-coverage="0% (0/8)"/>
						<line branch="true" hits="0" number="252" condition-coverage="0% (0/4)"/>
						<line branch="false" hits="0" number="253"/>
						<line branch="false" hits="0" number="254"/>
						<line branch="true" hits="0" number="255" condition-coverage="0% (0/2)"/>
						<line branch="true" hits="0" number="256" condition-coverage="0% (0/2)"/>
						<line branch="true" hits="0" number="257" condition-coverage="0% (0/8)"/>
						<line branch="false" hits="0" number="259"/>
						<line branch="true" hits="0" number="261" condition-coverage="0% (0/10)"/>
						<line branch="true" hits="0" number="262" condition-coverage="0% (0/4)"/>
						<line branch="false" hits="0" number="267"/>
						<line branch="true" hits="0" number="268" condition-coverage="0% (0/2)"/>
						<line branch="false" hits="0" number="269"/>
						<line branch="true" hits="0" number="270" condition-coverage="0% (0/14)"/>
						<line branch="true" hits="0" number="272" condition-coverage="0% (0/10)"/>
						<line branch="false" hits="0" number="273"/>
						<line branch="true" hits="0" number="274" condition-coverage="0% (0/2)"/>
						<line branch="false" hits="0" number="276"/>
						<line branch="false" hits="0" number="277"/>
						<line branch="true" hits="0" number="278" condition-coverage="0% (0/12)"/>
						<line branch="true" hits="0" number="280" condition-coverage="0% (0/4)"/>
						<line branch="false" hits="0" number="281"/>
						<line branch="true" hits="0" number="282" condition-coverage="0% (0/2)"/>
						<line branch="true" hits="0" number="285" condition-coverage="0% (0/2)"/>
						<line branch="false" hits="0" number="286"/>
						<line branch="false" hits="0" number="289"/>
						<line branch="false" hits="0" number="290"/>
						<line branch="false" hits="0" number="291"/>
						<line branch="false" hits="0" number="293"/>
						<line branch="false" hits="0" number="295"/>
						<line branch="false" hits="0" number="296"/>
						<line branch="true" hits="0" number="297" condition-coverage="0% (0/2)"/>
						<line branch="true" hits="0" number="305" condition-coverage="0% (0/2)"/>
						<line branch="true" hits="0" number="309" condition-coverage="0% (0/2)"/>
						<line branch="false" hits="0" number="310"/>
						<line branch="false" hits="0" number="311"/>
						<line branch="false" hits="0" number="312"/>
						<line branch="false" hits="0" number="314"/>
						<line branch="true" hits="0" number="315" condition-coverage="0% (0/2)"/>
						<line branch="true" hits="0" number="316" condition-coverage="0% (0/2)"/>
						<line branch="true" hits="0" number="317" condition-coverage="0% (0/8)"/>
						<line branch="false" hits="0" number="319"/>
						<line branch="true" hits="0" number="321" condition-coverage="0% (0/10)"/>
						<line branch="true" hits="0" number="322" condition-coverage="0% (0/4)"/>
						<line branch="false" hits="0" number="325"/>
						<line branch="true" hits="0" number="326" condition-coverage="0% (0/2)"/>
						<line branch="false" hits="0" number="327"/>
						<line branch="true" hits="0" number="328" condition-coverage="0% (0/14)"/>
						<line branch="true" hits="0" number="330" condition-coverage="0% (0/10)"/>
						<line branch="false" hits="0" number="331"/>
						<line branch="true" hits="0" number="332" condition-coverage="0% (0/2)"/>
						<line branch="false" hits="0" number="334"/>
						<line branch="false" hits="0" number="335"/>
						<line branch="true" hits="0" number="336" condition-coverage="0% (0/12)"/>
						<line branch="true" hits="0" number="338" condition-coverage="0% (0/4)"/>
						<line branch="false" hits="0" number="339"/>
						<line branch="true" hits="0" number="340" condition-coverage="0% (0/2)"/>
						<line branch="true" hits="0" number="343" condition-coverage="0% (0/2)"/>
						<line branch="true" hits="0" number="349" condition-coverage="0% (0/2)"/>
						<line branch="false" hits="0" number="350"/>
						<line branch="true" hits="0" number="352" condition-coverage="0% (0/2)"/>
						<line branch="false" hits="0" number="354"/>
						<line branch="true" hits="0" number="356" condition-coverage="0% (0/2)"/>
						<line branch="false" hits="0" number="357"/>
						<line branch="false" hits="0" number="358"/>
						<line branch="false" hits="0" number="360"/>
						<line branch="true" hits="0" number="364" condition-coverage="0% (0/2)"/>
						<line branch="false" hits="0" number="366"/>
						<line branch="true" hits="0" number="368" condition-coverage="0% (0/2)"/>
						<line branch="false" hits="0" number="369"/>
						<line branch="false" hits="0" number="370"/>
						<line branch="false" hits="0" number="371"/>
						<line branch="false" hits="0" number="373"/>
						<line branch="false" hits="0" number="374"/>
						<line branch="true" hits="0" number="378" condition-coverage="0% (0/2)"/>
						<line branch="false" hits="0" number="379"/>
						<line branch="false" hits="0" number="380"/>
						<line branch="true" hits="0" number="384" condition-coverage="0% (0/2)"/>
						<line branch="true" hits="0" number="385" condition-coverage="0% (0/4)"/>
						<line branch="false" hits="0" number="386"/>
						<line branch="false" hits="0" number="387"/>
						<line branch="false" hits="0" number="388"/>
						<line branch="true" hits="0" number="393" condition-coverage="0% (0/2)"/>
						<line branch="true" hits="0" number="394" condition-coverage="0% (0/2)"/>
						<line branch="false" hits="0" number="395"/>
						<line branch="false" hits="0" number="398"/>
						<line branch="false" hits="0" number="403"/>
						<line branch="true" hits="0" number="404" condition-coverage="0% (0/2)"/>
						<line branch="true" hits="0" number="405" condition-coverage="0% (0/2)"/>
						<line branch="true" hits="0" number="408" condition-coverage="0% (0/2)"/>
						<line branch="false" hits="0" number="409"/>
						<line branch="false" hits="0" number="411"/>
						<line branch="true" hits="0" number="412" condition-coverage="0% (0/4)"/>
						<line branch="true" hits="0" number="416" condition-coverage="0% (0/8)"/>
						<line branch="false" hits="0" number="419"/>
						<line branch="true" hits="0" number="423" condition-coverage="0% (0/2)"/>
						<line branch="false" hits="0" number="424"/>
						<line branch="false" hits="0" number="426"/>
						<line branch="false" hits="0" number="428"/>
						<line branch="false" hits="0" number="431"/>
						<line branch="true" hits="0" number="435" condition-coverage="0% (0/2)"/>
						<line branch="true" hits="0" number="436" condition-coverage="0% (0/2)"/>
						<line branch="false" hits="0" number="437"/>
						<line branch="false" hits="0" number="439"/>
						<line branch="true" hits="0" number="442" condition-coverage="0% (0/2)"/>
						<line branch="false" hits="0" number="443"/>
						<line branch="false" hits="0" number="445"/>
						<line branch="false" hits="0" number="448"/>
						<line branch="false" hits="0" number="451"/>
						<line branch="false" hits="0" number="454"/>
						<line branch="false" hits="0" number="456"/>
						<line branch="false" hits="0" number="458"/>
						<line branch="true" hits="0" number="460" condition-coverage="0% (0/4)"/>
						<line branch="false" hits="0" number="462"/>
						<line branch="false" hits="0" number="465"/>
						<line branch="false" hits="0" number="468"/>
						<line branch="false" hits="0" number="470"/>
						<line branch="false" hits="0" number="472"/>
						<line branch="true" hits="0" number="474" condition-coverage="0% (0/4)"/>
						<line branch="false" hits="0" number="476"/>
						<line branch="false" hits="0" number="479"/>
						<line branch="false" hits="0" number="482"/>
						<line branch="false" hits="0" number="483"/>
						<line branch="false" hits="0" number="485"/>
						<line branch="false" hits="0" number="487"/>
					</lines>
				</class>
				<class branch-rate="0.0" complexity="0" filename="src/collis_alphas.f90" line-rate="0.0" name="src.collis_alphas.f90">
					<methods/>
					<lines>
						<line branch="false" hits="0" number="14"/>
						<line branch="false" hits="0" number="35"/>
						<line branch="false" hits="0" number="37"/>
						<line branch="false" hits="0" number="38"/>
						<line branch="false" hits="0" number="39"/>
						<line branch="true" hits="0" number="41" condition-coverage="0% (0/2)"/>
						<line branch="false" hits="0" number="42"/>
						<line branch="false" hits="0" number="44"/>
						<line branch="false" hits="0" number="46"/>
						<line branch="false" hits="0" number="47"/>
						<line branch="false" hits="0" number="48"/>
						<line branch="false" hits="0" number="51"/>
						<line branch="false" hits="0" number="53"/>
						<line branch="false" hits="0" number="58"/>
						<line branch="false" hits="0" number="72"/>
						<line branch="false" hits="0" number="73"/>
						<line branch="true" hits="0" number="74" condition-coverage="0% (0/2)"/>
						<line branch="false" hits="0" number="75"/>
						<line branch="false" hits="0" number="76"/>
						<line branch="false" hits="0" number="77"/>
						<line branch="true" hits="0" number="78" condition-coverage="0% (0/2)"/>
						<line branch="false" hits="0" number="79"/>
						<line branch="false" hits="0" number="80"/>
						<line branch="false" hits="0" number="81"/>
						<line branch="false" hits="0" number="83"/>
						<line branch="false" hits="0" number="84"/>
						<line branch="false" hits="0" number="85"/>
						<line branch="false" hits="0" number="86"/>
						<line branch="false" hits="0" number="87"/>
						<line branch="false" hits="0" number="90"/>
						<line branch="false" hits="0" number="105"/>
						<line branch="false" hits="0" number="143"/>
						<line branch="false" hits="0" number="144"/>
						<line branch="false" hits="0" number="145"/>
						<line branch="false" hits="0" number="146"/>
						<line branch="false" hits="0" number="147"/>
						<line branch="false" hits="0" number="149"/>
						<line branch="false" hits="0" number="150"/>
						<line branch="false" hits="0" number="151"/>
						<line branch="false" hits="0" number="153"/>
						<line branch="false" hits="0" number="154"/>
						<line branch="false" hits="0" number="155"/>
						<line branch="false" hits="0" number="156"/>
						<line branch="false" hits="0" number="158"/>
						<line branch="false" hits="0" number="159"/>
						<line branch="false" hits="0" number="160"/>
						<line branch="false" hits="0" number="162"/>
						<line branch="false" hits="0" number="164"/>
						<line branch="false" hits="0" number="166"/>
						<line branch="false" hits="0" number="167"/>
						<line branch="false" hits="0" number="168"/>
						<line branch="false" hits="0" number="169"/>
						<line branch="false" hits="0" number="171"/>
						<line branch="false" hits="0" number="172"/>
						<line branch="false" hits="0" number="173"/>
						<line branch="true" hits="0" number="175" condition-coverage="0% (0/2)"/>
						<line branch="false" hits="0" number="177"/>
						<line branch="false" hits="0" number="179"/>
						<line branch="false" hits="0" number="181"/>
						<line branch="false" hits="0" number="182"/>
						<line branch="false" hits="0" number="183"/>
						<line branch="false" hits="0" number="184"/>
						<line branch="false" hits="0" number="185"/>
						<line branch="false" hits="0" number="189"/>
						<line branch="false" hits="0" number="216"/>
						<line branch="false" hits="0" number="218"/>
						<line branch="false" hits="0" number="220"/>
						<line branch="true" hits="0" number="222" condition-coverage="0% (0/2)"/>
						<line branch="false" hits="0" number="223"/>
						<line branch="false" hits="0" number="224"/>
						<line branch="true" hits="0" number="226" condition-coverage="0% (0/2)"/>
						<line branch="false" hits="0" number="227"/>
						<line branch="false" hits="0" number="228"/>
						<line branch="false" hits="0" number="231"/>
						<line branch="false" hits="0" number="233"/>
						<line branch="true" hits="0" number="235" condition-coverage="0% (0/2)"/>
						<line branch="false" hits="0" number="236"/>
						<line branch="false" hits="0" number="238"/>
						<line branch="false" hits="0" number="240"/>
						<line branch="false" hits="0" number="242"/>
						<line branch="true" hits="0" number="243" condition-coverage="0% (0/2)"/>
						<line branch="false" hits="0" number="244"/>
						<line branch="false" hits="0" number="245"/>
						<line branch="true" hits="0" number="246" condition-coverage="0% (0/2)"/>
						<line branch="false" hits="0" number="247"/>
						<line branch="false" hits="0" number="248"/>
						<line branch="false" hits="0" number="252"/>
						<line branch="true" hits="0" number="253" condition-coverage="0% (0/2)"/>
						<line branch="true" hits="0" number="256" condition-coverage="0% (0/2)"/>
						<line branch="false" hits="0" number="258"/>
						<line branch="false" hits="0" number="260"/>
						<line branch="false" hits="0" number="262"/>
						<line branch="true" hits="0" number="265" condition-coverage="0% (0/2)"/>
						<line branch="false" hits="0" number="266"/>
						<line branch="false" hits="0" number="267"/>
						<line branch="false" hits="0" number="274"/>
						<line branch="false" hits="0" number="285"/>
						<line branch="true" hits="0" number="287" condition-coverage="0% (0/2)"/>
						<line branch="false" hits="0" number="289"/>
						<line branch="true" hits="0" number="292" condition-coverage="0% (0/2)"/>
						<line branch="false" hits="0" number="293"/>
						<line branch="false" hits="0" number="295"/>
						<line branch="false" hits="0" number="298"/>
					</lines>
				</class>
				<class branch-rate="0.0" complexity="0" filename="src/cut_detector.f90" line-rate="0.0" name="src.cut_detector.f90">
					<methods/>
					<lines>
						<line branch="true" hits="0" number="33" condition-coverage="0% (0/2)"/>
						<line branch="false" hits="0" number="39"/>
						<line branch="true" hits="0" number="44" condition-coverage="0% (0/2)"/>
						<line branch="false" hits="0" number="45"/>
						<line branch="false" hits="0" number="51"/>
						<line branch="false" hits="0" number="52"/>
						<line branch="false" hits="0" number="58"/>
						<line branch="false" hits="0" number="59"/>
						<line branch="false" hits="0" number="63"/>
						<line branch="false" hits="0" number="68"/>
						<line branch="true" hits="0" number="70" condition-coverage="0% (0/4)"/>
						<line branch="true" hits="0" number="87" condition-coverage="0% (0/2)"/>
						<line branch="false" hits="0" number="88"/>
						<line branch="true" hits="0" number="89" condition-coverage="0% (0/2)"/>
						<line branch="false" hits="0" number="91"/>
						<line branch="true" hits="0" number="93" condition-coverage="0% (0/2)"/>
						<line branch="true" hits="0" number="95" condition-coverage="0% (0/2)"/>
						<line branch="false" hits="0" number="96"/>
						<line branch="true" hits="0" number="98" condition-coverage="0% (0/2)"/>
						<line branch="false" hits="0" number="99"/>
						<line branch="true" hits="0" number="100" condition-coverage="0% (0/2)"/>
						<line branch="true" hits="0" number="106" condition-coverage="0% (0/4)"/>
						<line branch="false" hits="0" number="107"/>
						<line branch="false" hits="0" number="108"/>
						<line branch="true" hits="0" number="111" condition-coverage="0% (0/4)"/>
						<line branch="false" hits="0" number="112"/>
						<line branch="true" hits="0" number="113" condition-coverage="0% (0/6)"/>
						<line branch="true" hits="0" number="114" condition-coverage="0% (0/14)"/>
						<line branch="true" hits="0" number="115" condition-coverage="0% (0/4)"/>
						<line branch="true" hits="0" number="116" condition-coverage="0% (0/4)"/>
						<line branch="false" hits="0" number="117"/>
						<line branch="true" hits="0" number="126" condition-coverage="0% (0/2)"/>
						<line branch="false" hits="0" number="127"/>
						<line branch="false" hits="0" number="128"/>
						<line branch="false" hits="0" number="129"/>
						<line branch="true" hits="0" number="130" condition-coverage="0% (0/2)"/>
						<line branch="false" hits="0" number="131"/>
						<line branch="false" hits="0" number="132"/>
						<line branch="false" hits="0" number="133"/>
						<line branch="false" hits="0" number="135"/>
						<line branch="true" hits="0" number="138" condition-coverage="0% (0/4)"/>
						<line branch="false" hits="0" number="139"/>
						<line branch="true" hits="0" number="141" condition-coverage="0% (0/4)"/>
						<line branch="true" hits="0" number="142" condition-coverage="0% (0/14)"/>
						<line branch="true" hits="0" number="143" condition-coverage="0% (0/4)"/>
						<line branch="true" hits="0" number="144" condition-coverage="0% (0/4)"/>
						<line branch="false" hits="0" number="154"/>
						<line branch="false" hits="0" number="160"/>
						<line branch="true" hits="0" number="166" condition-coverage="0% (0/8)"/>
						<line branch="true" hits="0" number="167" condition-coverage="0% (0/8)"/>
						<line branch="true" hits="0" number="168" condition-coverage="0% (0/8)"/>
						<line branch="true" hits="0" number="169" condition-coverage="0% (0/8)"/>
						<line branch="false" hits="0" number="171"/>
						<line branch="false" hits="0" number="173"/>
						<line branch="false" hits="0" number="174"/>
						<line branch="true" hits="0" number="175" condition-coverage="0% (0/2)"/>
						<line branch="false" hits="0" number="176"/>
						<line branch="false" hits="0" number="177"/>
						<line branch="true" hits="0" number="178" condition-coverage="0% (0/16)"/>
						<line branch="true" hits="0" number="180" condition-coverage="0% (0/4)"/>
						<line branch="false" hits="0" number="181"/>
						<line branch="false" hits="0" number="182"/>
						<line branch="false" hits="0" number="183"/>
						<line branch="true" hits="0" number="184" condition-coverage="0% (0/2)"/>
						<line branch="false" hits="0" number="185"/>
						<line branch="false" hits="0" number="186"/>
						<line branch="false" hits="0" number="187"/>
						<line branch="false" hits="0" number="188"/>
						<line branch="true" hits="0" number="189" condition-coverage="0% (0/2)"/>
						<line branch="false" hits="0" number="190"/>
						<line branch="false" hits="0" number="191"/>
						<line branch="false" hits="0" number="194"/>
						<line branch="true" hits="0" number="195" condition-coverage="0% (0/2)"/>
						<line branch="true" hits="0" number="197" condition-coverage="0% (0/2)"/>
						<line branch="false" hits="0" number="198"/>
						<line branch="false" hits="0" number="204"/>
						<line branch="false" hits="0" number="205"/>
						<line branch="true" hits="0" number="208" condition-coverage="0% (0/2)"/>
						<line branch="false" hits="0" number="210"/>
						<line branch="false" hits="0" number="212"/>
						<line branch="false" hits="0" number="214"/>
					</lines>
				</class>
				<class branch-rate="0.0" complexity="0" filename="src/field.F90" line-rate="0.0" name="src.field.F90">
					<methods/>
					<lines>
						<line branch="false" hits="0" number="15"/>
						<line branch="false" hits="0" number="19"/>
						<line branch="true" hits="0" number="20" condition-coverage="0% (0/2)"/>
						<line branch="true" hits="0" number="22" condition-coverage="0% (0/2)"/>
						<line branch="true" hits="0" number="23" condition-coverage="0% (0/4)"/>
						<line branch="true" hits="0" number="24" condition-coverage="0% (0/4)"/>
						<line branch="true" hits="0" number="25" condition-coverage="0% (0/8)"/>
						<line branch="true" hits="0" number="26" condition-coverage="0% (0/2)"/>
						<line branch="false" hits="0" number="30"/>
						<line branch="false" hits="0" number="31"/>
						<line branch="false" hits="0" number="34"/>
						<line branch="false" hits="0" number="35"/>
						<line branch="false" hits="0" number="37"/>
						<line branch="false" hits="0" number="40"/>
						<line branch="false" hits="0" number="46"/>
						<line branch="false" hits="0" number="47"/>
						<line branch="false" hits="0" number="49"/>
						<line branch="true" hits="0" number="50" condition-coverage="0% (0/2)"/>
						<line branch="true" hits="0" number="51" condition-coverage="0% (0/2)"/>
						<line branch="false" hits="0" number="52"/>
						<line branch="false" hits="0" number="55"/>
						<line branch="false" hits="0" number="58"/>
						<line branch="false" hits="0" number="64"/>
						<line branch="false" hits="0" number="65"/>
						<line branch="false" hits="0" number="67"/>
						<line branch="true" hits="0" number="68" condition-coverage="0% (0/2)"/>
						<line branch="true" hits="0" number="69" condition-coverage="0% (0/2)"/>
						<line branch="false" hits="0" number="70"/>
						<line branch="false" hits="0" number="73"/>
						<line branch="false" hits="0" number="76"/>
						<line branch="true" hits="0" number="81" condition-coverage="0% (0/2)"/>
						<line branch="true" hits="0" number="82" condition-coverage="0% (0/2)"/>
						<line branch="true" hits="0" number="83" condition-coverage="0% (0/2)"/>
						<line branch="true" hits="0" number="84" condition-coverage="0% (0/4)"/>
						<line branch="false" hits="0" number="85"/>
						<line branch="true" hits="0" number="88" condition-coverage="0% (0/2)"/>
					</lines>
				</class>
				<class branch-rate="0.34782608695652173" complexity="0" filename="src/field_can.f90" line-rate="0.49107142857142855" name="src.field_can.f90">
					<methods/>
					<lines>
						<line branch="false" hits="2" number="29"/>
						<line branch="false" hits="4" number="35"/>
						<line branch="false" hits="2" number="37"/>
						<line branch="false" hits="0" number="39"/>
						<line branch="false" hits="0" number="40"/>
						<line branch="false" hits="0" number="41"/>
						<line branch="false" hits="0" number="43"/>
						<line branch="false" hits="0" number="44"/>
						<line branch="false" hits="0" number="45"/>
						<line branch="true" hits="0" number="47" condition-coverage="0% (0/4)"/>
						<line branch="false" hits="0" number="48"/>
						<line branch="false" hits="0" number="50"/>
						<line branch="false" hits="0" number="51"/>
						<line branch="false" hits="0" number="52"/>
						<line branch="true" hits="0" number="54" condition-coverage="0% (0/4)"/>
						<line branch="false" hits="0" number="55"/>
						<line branch="false" hits="0" number="57"/>
						<line branch="false" hits="0" number="58"/>
						<line branch="false" hits="0" number="59"/>
						<line branch="false" hits="0" number="61"/>
						<line branch="true" hits="2" number="62" condition-coverage="16% (1/6)"/>
						<line branch="false" hits="2" number="64"/>
						<line branch="false" hits="0" number="67"/>
						<line branch="true" hits="0" number="72" condition-coverage="0% (0/4)"/>
						<line branch="false" hits="0" number="73"/>
						<line branch="false" hits="0" number="75"/>
						<line branch="false" hits="0" number="78"/>
						<line branch="false" hits="0" number="81"/>
						<line branch="false" hits="0" number="85"/>
						<line branch="false" hits="0" number="87"/>
						<line branch="false" hits="0" number="89"/>
						<line branch="false" hits="0" number="91"/>
						<line branch="false" hits="0" number="93"/>
						<line branch="false" hits="0" number="95"/>
						<line branch="false" hits="0" number="97"/>
						<line branch="true" hits="0" number="98" condition-coverage="0% (0/6)"/>
						<line branch="false" hits="0" number="100"/>
						<line branch="false" hits="0" number="103"/>
						<line branch="false" hits="0" number="107"/>
						<line branch="false" hits="0" number="117"/>
						<line branch="false" hits="0" number="119"/>
						<line branch="true" hits="0" number="120" condition-coverage="0% (0/2)"/>
						<line branch="false" hits="0" number="122"/>
						<line branch="false" hits="0" number="125"/>
						<line branch="false" hits="0" number="133"/>
						<line branch="true" hits="0" number="135" condition-coverage="0% (0/4)"/>
						<line branch="true" hits="0" number="136" condition-coverage="0% (0/2)"/>
						<line branch="false" hits="0" number="137"/>
						<line branch="true" hits="0" number="139" condition-coverage="0% (0/2)"/>
						<line branch="false" hits="0" number="140"/>
						<line branch="false" hits="0" number="143"/>
						<line branch="false" hits="0" number="145"/>
						<line branch="false" hits="0" number="147"/>
						<line branch="false" hits="0" number="149"/>
						<line branch="false" hits="0" number="151"/>
						<line branch="false" hits="0" number="153"/>
						<line branch="true" hits="0" number="154" condition-coverage="0% (0/5)"/>
						<line branch="true" hits="0" number="157" condition-coverage="0% (0/4)"/>
						<line branch="false" hits="0" number="158"/>
						<line branch="false" hits="2" number="161"/>
						<line branch="true" hits="2" number="165" condition-coverage="50% (1/2)"/>
						<line branch="false" hits="2" number="166"/>
						<line branch="false" hits="0" number="168"/>
						<line branch="true" hits="2" number="171" condition-coverage="50% (1/2)"/>
						<line branch="false" hits="2" number="172"/>
						<line branch="false" hits="0" number="174"/>
						<line branch="true" hits="2" number="177" condition-coverage="50% (1/2)"/>
						<line branch="false" hits="2" number="178"/>
						<line branch="false" hits="0" number="180"/>
						<line branch="false" hits="2" number="183"/>
						<line branch="false" hits="452" number="188"/>
						<line branch="false" hits="452" number="196"/>
						<line branch="false" hits="452" number="197"/>
						<line branch="false" hits="452" number="198"/>
						<line branch="false" hits="452" number="200"/>
						<line branch="false" hits="354" number="205"/>
						<line branch="false" hits="354" number="213"/>
						<line branch="true" hits="1416" number="215" condition-coverage="100% (2/2)"/>
						<line branch="false" hits="354" number="216"/>
						<line branch="true" hits="1416" number="218" condition-coverage="100% (2/2)"/>
						<line branch="false" hits="354" number="219"/>
						<line branch="true" hits="1416" number="221" condition-coverage="100% (2/2)"/>
						<line branch="false" hits="354" number="223"/>
						<line branch="false" hits="354" number="225"/>
						<line branch="false" hits="220" number="229"/>
						<line branch="false" hits="220" number="239"/>
						<line branch="true" hits="1540" number="241" condition-coverage="100% (2/2)"/>
						<line branch="false" hits="220" number="242"/>
						<line branch="false" hits="220" number="243"/>
						<line branch="false" hits="220" number="244"/>
						<line branch="false" hits="220" number="245"/>
						<line branch="false" hits="220" number="246"/>
						<line branch="false" hits="220" number="247"/>
						<line branch="true" hits="1540" number="248" condition-coverage="100% (2/2)"/>
						<line branch="true" hits="1540" number="250" condition-coverage="100% (2/2)"/>
						<line branch="false" hits="220" number="251"/>
						<line branch="false" hits="220" number="252"/>
						<line branch="false" hits="220" number="253"/>
						<line branch="false" hits="220" number="254"/>
						<line branch="false" hits="220" number="255"/>
						<line branch="false" hits="220" number="256"/>
						<line branch="true" hits="1540" number="258" condition-coverage="100% (2/2)"/>
						<line branch="false" hits="220" number="259"/>
						<line branch="false" hits="220" number="260"/>
						<line branch="false" hits="220" number="261"/>
						<line branch="false" hits="220" number="262"/>
						<line branch="false" hits="220" number="263"/>
						<line branch="false" hits="220" number="264"/>
						<line branch="true" hits="880" number="266" condition-coverage="100% (2/2)"/>
						<line branch="true" hits="880" number="267" condition-coverage="100% (2/2)"/>
						<line branch="true" hits="880" number="268" condition-coverage="100% (2/2)"/>
						<line branch="false" hits="220" number="270"/>
					</lines>
				</class>
				<class branch-rate="0.0" complexity="0" filename="src/find_bminmax.f90" line-rate="0.0" name="src.find_bminmax.f90">
					<methods/>
					<lines>
						<line branch="false" hits="0" number="26"/>
						<line branch="false" hits="0" number="39"/>
						<line branch="false" hits="0" number="40"/>
						<line branch="false" hits="0" number="41"/>
						<line branch="false" hits="0" number="42"/>
						<line branch="true" hits="0" number="43" condition-coverage="0% (0/2)"/>
						<line branch="false" hits="0" number="45"/>
						<line branch="false" hits="0" number="47"/>
						<line branch="false" hits="0" number="48"/>
						<line branch="false" hits="0" number="49"/>
						<line branch="false" hits="0" number="50"/>
						<line branch="false" hits="0" number="51"/>
						<line branch="false" hits="0" number="52"/>
						<line branch="true" hits="0" number="54" condition-coverage="0% (0/2)"/>
						<line branch="false" hits="0" number="55"/>
						<line branch="true" hits="0" number="56" condition-coverage="0% (0/2)"/>
						<line branch="false" hits="0" number="57"/>
						<line branch="false" hits="0" number="59"/>
						<line branch="true" hits="0" number="61" condition-coverage="0% (0/2)"/>
						<line branch="false" hits="0" number="62"/>
						<line branch="false" hits="0" number="63"/>
						<line branch="false" hits="0" number="64"/>
						<line branch="true" hits="0" number="65" condition-coverage="0% (0/2)"/>
						<line branch="false" hits="0" number="66"/>
						<line branch="false" hits="0" number="67"/>
						<line branch="false" hits="0" number="68"/>
						<line branch="false" hits="0" number="74"/>
						<line branch="false" hits="0" number="76"/>
						<line branch="false" hits="0" number="82"/>
						<line branch="false" hits="0" number="90"/>
						<line branch="false" hits="0" number="92"/>
						<line branch="false" hits="0" number="96"/>
						<line branch="true" hits="0" number="105" condition-coverage="0% (0/2)"/>
						<line branch="false" hits="0" number="106"/>
						<line branch="false" hits="0" number="107"/>
						<line branch="false" hits="0" number="109"/>
						<line branch="false" hits="0" number="111"/>
						<line branch="false" hits="0" number="112"/>
						<line branch="false" hits="0" number="114"/>
[...]
						<line branch="true" hits="0" number="232" condition-coverage="0% (0/2)"/>
						<line branch="true" hits="0" number="233" condition-coverage="0% (0/6)"/>
						<line branch="true" hits="0" number="236" condition-coverage="0% (0/2)"/>
						<line branch="true" hits="0" number="237" condition-coverage="0% (0/2)"/>
						<line branch="true" hits="0" number="238" condition-coverage="0% (0/4)"/>
						<line branch="false" hits="0" number="240"/>
						<line branch="false" hits="0" number="243"/>
						<line branch="true" hits="0" number="246" condition-coverage="0% (0/2)"/>
						<line branch="false" hits="0" number="247"/>
						<line branch="true" hits="0" number="250" condition-coverage="0% (0/6)"/>
						<line branch="true" hits="0" number="257" condition-coverage="0% (0/2)"/>
						<line branch="true" hits="0" number="262" condition-coverage="0% (0/4)"/>
						<line branch="true" hits="0" number="263" condition-coverage="0% (0/2)"/>
						<line branch="true" hits="0" number="264" condition-coverage="0% (0/2)"/>
						<line branch="true" hits="0" number="265" condition-coverage="0% (0/4)"/>
						<line branch="true" hits="0" number="266" condition-coverage="0% (0/6)"/>
						<line branch="true" hits="0" number="268" condition-coverage="0% (0/2)"/>
						<line branch="false" hits="0" number="269"/>
						<line branch="true" hits="0" number="270" condition-coverage="0% (0/34)"/>
						<line branch="true" hits="0" number="273" condition-coverage="0% (0/16)"/>
						<line branch="true" hits="0" number="274" condition-coverage="0% (0/4)"/>
						<line branch="true" hits="0" number="275" condition-coverage="0% (0/4)"/>
						<line branch="true" hits="0" number="276" condition-coverage="0% (0/14)"/>
						<line branch="true" hits="0" number="277" condition-coverage="0% (0/2)"/>
						<line branch="true" hits="0" number="278" condition-coverage="0% (0/2)"/>
						<line branch="true" hits="0" number="280" condition-coverage="0% (0/2)"/>
						<line branch="true" hits="0" number="282" condition-coverage="0% (0/24)"/>
						<line branch="true" hits="0" number="285" condition-coverage="0% (0/2)"/>
						<line branch="true" hits="0" number="288" condition-coverage="0% (0/16)"/>
						<line branch="true" hits="0" number="289" condition-coverage="0% (0/4)"/>
						<line branch="true" hits="0" number="290" condition-coverage="0% (0/4)"/>
						<line branch="true" hits="0" number="291" condition-coverage="0% (0/4)"/>
						<line branch="true" hits="0" number="292" condition-coverage="0% (0/26)"/>
						<line branch="true" hits="0" number="293" condition-coverage="0% (0/2)"/>
						<line branch="true" hits="0" number="295" condition-coverage="0% (0/2)"/>
						<line branch="true" hits="0" number="298" condition-coverage="0% (0/2)"/>
						<line branch="true" hits="0" number="300" condition-coverage="0% (0/24)"/>
						<line branch="true" hits="0" number="304" condition-coverage="0% (0/2)"/>
						<line branch="true" hits="0" number="307" condition-coverage="0% (0/16)"/>
						<line branch="true" hits="0" number="308" condition-coverage="0% (0/4)"/>
						<line branch="true" hits="0" number="309" condition-coverage="0% (0/4)"/>
						<line branch="true" hits="0" number="310" condition-coverage="0% (0/4)"/>
						<line branch="true" hits="0" number="311" condition-coverage="0% (0/4)"/>
						<line branch="true" hits="0" number="312" condition-coverage="0% (0/26)"/>
						<line branch="true" hits="0" number="313" condition-coverage="0% (0/2)"/>
						<line branch="true" hits="0" number="315" condition-coverage="0% (0/2)"/>
						<line branch="true" hits="0" number="318" condition-coverage="0% (0/2)"/>
						<line branch="true" hits="0" number="320" condition-coverage="0% (0/32)"/>
						<line branch="true" hits="0" number="325" condition-coverage="0% (0/2)"/>
						<line branch="false" hits="0" number="326"/>
						<line branch="false" hits="0" number="329"/>
						<line branch="false" hits="0" number="335"/>
						<line branch="true" hits="0" number="336" condition-coverage="0% (0/4)"/>
						<line branch="true" hits="0" number="337" condition-coverage="0% (0/2)"/>
						<line branch="true" hits="0" number="340" condition-coverage="0% (0/2)"/>
						<line branch="true" hits="0" number="341" condition-coverage="0% (0/6)"/>
						<line branch="true" hits="0" number="342" condition-coverage="0% (0/4)"/>
						<line branch="false" hits="0" number="344"/>
						<line branch="false" hits="0" number="346"/>
						<line branch="false" hits="0" number="347"/>
						<line branch="false" hits="0" number="348"/>
						<line branch="true" hits="0" number="351" condition-coverage="0% (0/4)"/>
						<line branch="true" hits="0" number="352" condition-coverage="0% (0/20)"/>
						<line branch="true" hits="0" number="355" condition-coverage="0% (0/6)"/>
						<line branch="true" hits="0" number="356" condition-coverage="0% (0/4)"/>
						<line branch="true" hits="0" number="357" condition-coverage="0% (0/8)"/>
						<line branch="true" hits="0" number="361" condition-coverage="0% (0/4)"/>
						<line branch="true" hits="0" number="362" condition-coverage="0% (0/2)"/>
						<line branch="true" hits="0" number="363" condition-coverage="0% (0/6)"/>
						<line branch="true" hits="0" number="367" condition-coverage="0% (0/2)"/>
						<line branch="true" hits="0" number="368" condition-coverage="0% (0/2)"/>
						<line branch="true" hits="0" number="369" condition-coverage="0% (0/4)"/>
						<line branch="false" hits="0" number="372"/>
						<line branch="false" hits="0" number="375"/>
						<line branch="true" hits="0" number="383" condition-coverage="0% (0/2)"/>
						<line branch="true" hits="0" number="384" condition-coverage="0% (0/2)"/>
						<line branch="true" hits="0" number="386" condition-coverage="0% (0/2)"/>
						<line branch="true" hits="0" number="387" condition-coverage="0% (0/2)"/>
						<line branch="true" hits="0" number="388" condition-coverage="0% (0/2)"/>
						<line branch="false" hits="0" number="392"/>
						<line branch="true" hits="0" number="394" condition-coverage="0% (0/2)"/>
						<line branch="true" hits="0" number="395" condition-coverage="0% (0/6)"/>
						<line branch="true" hits="0" number="396" condition-coverage="0% (0/4)"/>
						<line branch="false" hits="0" number="398"/>
						<line branch="false" hits="0" number="400"/>
						<line branch="false" hits="0" number="401"/>
						<line branch="false" hits="0" number="402"/>
						<line branch="true" hits="0" number="408" condition-coverage="0% (0/4)"/>
						<line branch="true" hits="0" number="409" condition-coverage="0% (0/4)"/>
						<line branch="true" hits="0" number="410" condition-coverage="0% (0/8)"/>
						<line branch="true" hits="0" number="411" condition-coverage="0% (0/24)"/>
						<line branch="true" hits="0" number="412" condition-coverage="0% (0/4)"/>
						<line branch="true" hits="0" number="413" condition-coverage="0% (0/2)"/>
						<line branch="true" hits="0" number="415" condition-coverage="0% (0/2)"/>
						<line branch="true" hits="0" number="421" condition-coverage="0% (0/4)"/>
						<line branch="true" hits="0" number="422" condition-coverage="0% (0/4)"/>
						<line branch="true" hits="0" number="423" condition-coverage="0% (0/8)"/>
						<line branch="true" hits="0" number="424" condition-coverage="0% (0/24)"/>
						<line branch="true" hits="0" number="425" condition-coverage="0% (0/2)"/>
						<line branch="true" hits="0" number="426" condition-coverage="0% (0/2)"/>
						<line branch="true" hits="0" number="428" condition-coverage="0% (0/2)"/>
						<line branch="true" hits="0" number="434" condition-coverage="0% (0/4)"/>
						<line branch="true" hits="0" number="435" condition-coverage="0% (0/2)"/>
						<line branch="true" hits="0" number="436" condition-coverage="0% (0/2)"/>
						<line branch="true" hits="0" number="437" condition-coverage="0% (0/6)"/>
						<line branch="true" hits="0" number="439" condition-coverage="0% (0/2)"/>
						<line branch="true" hits="0" number="442" condition-coverage="0% (0/2)"/>
						<line branch="true" hits="0" number="443" condition-coverage="0% (0/2)"/>
						<line branch="true" hits="0" number="444" condition-coverage="0% (0/2)"/>
						<line branch="true" hits="0" number="445" condition-coverage="0% (0/4)"/>
						<line branch="true" hits="0" number="449" condition-coverage="0% (0/2)"/>
						<line branch="false" hits="0" number="450"/>
						<line branch="false" hits="0" number="451"/>
						<line branch="true" hits="0" number="452" condition-coverage="0% (0/2)"/>
						<line branch="true" hits="0" number="453" condition-coverage="0% (0/4)"/>
						<line branch="false" hits="0" number="454"/>
						<line branch="false" hits="0" number="455"/>
						<line branch="false" hits="0" number="458"/>
						<line branch="true" hits="0" number="459" condition-coverage="0% (0/2)"/>
						<line branch="true" hits="0" number="460" condition-coverage="0% (0/4)"/>
						<line branch="false" hits="0" number="465"/>
						<line branch="false" hits="0" number="468"/>
						<line branch="true" hits="0" number="476" condition-coverage="0% (0/2)"/>
						<line branch="true" hits="0" number="477" condition-coverage="0% (0/2)"/>
						<line branch="true" hits="0" number="478" condition-coverage="0% (0/2)"/>
						<line branch="true" hits="0" number="480" condition-coverage="0% (0/2)"/>
						<line branch="true" hits="0" number="481" condition-coverage="0% (0/2)"/>
						<line branch="false" hits="0" number="482"/>
						<line branch="true" hits="0" number="483" condition-coverage="0% (0/2)"/>
						<line branch="true" hits="0" number="484" condition-coverage="0% (0/4)"/>
						<line branch="true" hits="0" number="485" condition-coverage="0% (0/2)"/>
						<line branch="false" hits="0" number="489"/>
						<line branch="false" hits="0" number="490"/>
						<line branch="true" hits="0" number="492" condition-coverage="0% (0/2)"/>
						<line branch="true" hits="0" number="493" condition-coverage="0% (0/6)"/>
						<line branch="true" hits="0" number="494" condition-coverage="0% (0/4)"/>
						<line branch="false" hits="0" number="496"/>
						<line branch="false" hits="0" number="498"/>
						<line branch="false" hits="0" number="499"/>
						<line branch="false" hits="0" number="500"/>
						<line branch="true" hits="0" number="506" condition-coverage="0% (0/4)"/>
						<line branch="true" hits="0" number="507" condition-coverage="0% (0/4)"/>
						<line branch="true" hits="0" number="508" condition-coverage="0% (0/8)"/>
						<line branch="true" hits="0" number="509" condition-coverage="0% (0/24)"/>
						<line branch="true" hits="0" number="510" condition-coverage="0% (0/4)"/>
						<line branch="true" hits="0" number="511" condition-coverage="0% (0/2)"/>
						<line branch="true" hits="0" number="513" condition-coverage="0% (0/2)"/>
						<line branch="true" hits="0" number="519" condition-coverage="0% (0/4)"/>
						<line branch="true" hits="0" number="520" condition-coverage="0% (0/4)"/>
						<line branch="true" hits="0" number="521" condition-coverage="0% (0/8)"/>
						<line branch="true" hits="0" number="522" condition-coverage="0% (0/24)"/>
						<line branch="true" hits="0" number="523" condition-coverage="0% (0/2)"/>
						<line branch="true" hits="0" number="524" condition-coverage="0% (0/2)"/>
						<line branch="true" hits="0" number="526" condition-coverage="0% (0/2)"/>
						<line branch="true" hits="0" number="532" condition-coverage="0% (0/4)"/>
						<line branch="true" hits="0" number="533" condition-coverage="0% (0/4)"/>
						<line branch="true" hits="0" number="534" condition-coverage="0% (0/8)"/>
						<line branch="true" hits="0" number="535" condition-coverage="0% (0/24)"/>
						<line branch="true" hits="0" number="536" condition-coverage="0% (0/4)"/>
						<line branch="true" hits="0" number="537" condition-coverage="0% (0/2)"/>
						<line branch="true" hits="0" number="539" condition-coverage="0% (0/2)"/>
						<line branch="true" hits="0" number="545" condition-coverage="0% (0/4)"/>
						<line branch="true" hits="0" number="546" condition-coverage="0% (0/2)"/>
						<line branch="true" hits="0" number="547" condition-coverage="0% (0/2)"/>
						<line branch="true" hits="0" number="548" condition-coverage="0% (0/2)"/>
						<line branch="true" hits="0" number="549" condition-coverage="0% (0/6)"/>
						<line branch="true" hits="0" number="551" condition-coverage="0% (0/2)"/>
						<line branch="true" hits="0" number="553" condition-coverage="0% (0/2)"/>
						<line branch="true" hits="0" number="556" condition-coverage="0% (0/2)"/>
						<line branch="true" hits="0" number="557" condition-coverage="0% (0/2)"/>
						<line branch="true" hits="0" number="558" condition-coverage="0% (0/2)"/>
						<line branch="true" hits="0" number="559" condition-coverage="0% (0/2)"/>
						<line branch="true" hits="0" number="560" condition-coverage="0% (0/4)"/>
						<line branch="true" hits="0" number="562" condition-coverage="0% (0/2)"/>
						<line branch="true" hits="0" number="565" condition-coverage="0% (0/2)"/>
						<line branch="true" hits="0" number="566" condition-coverage="0% (0/2)"/>
						<line branch="true" hits="0" number="567" condition-coverage="0% (0/2)"/>
						<line branch="true" hits="0" number="568" condition-coverage="0% (0/4)"/>
						<line branch="true" hits="0" number="572" condition-coverage="0% (0/2)"/>
						<line branch="false" hits="0" number="573"/>
						<line branch="false" hits="0" number="574"/>
						<line branch="false" hits="0" number="575"/>
						<line branch="false" hits="0" number="576"/>
						<line branch="false" hits="0" number="577"/>
						<line branch="true" hits="0" number="578" condition-coverage="0% (0/2)"/>
						<line branch="true" hits="0" number="579" condition-coverage="0% (0/4)"/>
						<line branch="false" hits="0" number="580"/>
						<line branch="false" hits="0" number="581"/>
						<line branch="false" hits="0" number="582"/>
						<line branch="false" hits="0" number="583"/>
						<line branch="false" hits="0" number="584"/>
						<line branch="false" hits="0" number="587"/>
						<line branch="false" hits="0" number="588"/>
						<line branch="false" hits="0" number="589"/>
						<line branch="true" hits="0" number="590" condition-coverage="0% (0/2)"/>
						<line branch="true" hits="0" number="591" condition-coverage="0% (0/4)"/>
						<line branch="false" hits="0" number="592"/>
						<line branch="false" hits="0" number="593"/>
						<line branch="false" hits="0" number="596"/>
						<line branch="true" hits="0" number="597" condition-coverage="0% (0/2)"/>
						<line branch="true" hits="0" number="598" condition-coverage="0% (0/4)"/>
						<line branch="false" hits="0" number="603"/>
						<line branch="false" hits="0" number="606"/>
						<line branch="true" hits="0" number="609" condition-coverage="0% (0/2)"/>
						<line branch="false" hits="0" number="610"/>
						<line branch="false" hits="0" number="613"/>
						<line branch="false" hits="0" number="615"/>
						<line branch="false" hits="0" number="616"/>
						<line branch="false" hits="0" number="617"/>
						<line branch="false" hits="0" number="618"/>
						<line branch="false" hits="0" number="619"/>
						<line branch="true" hits="0" number="620" condition-coverage="0% (0/2)"/>
						<line branch="false" hits="0" number="621"/>
						<line branch="false" hits="0" number="622"/>
						<line branch="true" hits="0" number="623" condition-coverage="0% (0/44)"/>
					</lines>
				</class>
			</classes>
		</package>
		<package line-rate="0.0" branch-rate="0.0" name="............code.libneo.src.polylag" complexity="0">
			<classes>
				<class branch-rate="0.0" complexity="0" filename="../../../../code/libneo/src/polylag/polylag_5.f90" line-rate="0.0" name="............code.libneo.src.polylag.polylag_5.f90">
					<methods/>
					<lines>
						<line branch="false" hits="0" number="10"/>
						<line branch="false" hits="0" number="29"/>
						<line branch="true" hits="0" number="30" condition-coverage="0% (0/2)"/>
						<line branch="false" hits="0" number="31"/>
						<line branch="true" hits="0" number="32" condition-coverage="0% (0/2)"/>
						<line branch="false" hits="0" number="33"/>
						<line branch="false" hits="0" number="34"/>
						<line branch="true" hits="0" number="36" condition-coverage="0% (0/2)"/>
						<line branch="true" hits="0" number="37" condition-coverage="0% (0/8)"/>
						<line branch="false" hits="0" number="39"/>
						<line branch="false" hits="0" number="43"/>
						<line branch="false" hits="0" number="51"/>
						<line branch="false" hits="0" number="52"/>
						<line branch="false" hits="0" number="53"/>
						<line branch="false" hits="0" number="54"/>
						<line branch="true" hits="0" number="55" condition-coverage="0% (0/2)"/>
						<line branch="true" hits="0" number="56" condition-coverage="0% (0/4)"/>
						<line branch="false" hits="0" number="57"/>
						<line branch="false" hits="0" number="59"/>
						<line branch="false" hits="0" number="63"/>
						<line branch="false" hits="0" number="70"/>
						<line branch="false" hits="0" number="71"/>
						<line branch="false" hits="0" number="72"/>
						<line branch="false" hits="0" number="74"/>
						<line branch="false" hits="0" number="82"/>
						<line branch="false" hits="0" number="83"/>
						<line branch="false" hits="0" number="84"/>
						<line branch="false" hits="0" number="85"/>
						<line branch="true" hits="0" number="86" condition-coverage="0% (0/4)"/>
						<line branch="true" hits="0" number="87" condition-coverage="0% (0/4)"/>
						<line branch="true" hits="0" number="88" condition-coverage="0% (0/2)"/>
						<line branch="true" hits="0" number="89" condition-coverage="0% (0/12)"/>
						<line branch="false" hits="0" number="93"/>
						<line branch="false" hits="0" number="95"/>
						<line branch="false" hits="0" number="104"/>
						<line branch="false" hits="0" number="105"/>
						<line branch="false" hits="0" number="106"/>
						<line branch="false" hits="0" number="107"/>
						<line branch="false" hits="0" number="108"/>
						<line branch="false" hits="0" number="109"/>
						<line branch="false" hits="0" number="110"/>
						<line branch="false" hits="0" number="111"/>
						<line branch="false" hits="0" number="112"/>
						<line branch="true" hits="0" number="113" condition-coverage="0% (0/4)"/>
						<line branch="true" hits="0" number="114" condition-coverage="0% (0/4)"/>
						<line branch="true" hits="0" number="115" condition-coverage="0% (0/2)"/>
						<line branch="true" hits="0" number="116" condition-coverage="0% (0/12)"/>
						<line branch="false" hits="0" number="117"/>
						<line branch="false" hits="0" number="118"/>
						<line branch="false" hits="0" number="122"/>
						<line branch="true" hits="0" number="125" condition-coverage="0% (0/2)"/>
						<line branch="false" hits="0" number="132"/>
						<line branch="false" hits="0" number="134"/>
						<line branch="false" hits="0" number="136"/>
						<line branch="false" hits="0" number="138"/>
						<line branch="false" hits="0" number="140"/>
						<line branch="false" hits="0" number="142"/>
						<line branch="false" hits="0" number="144"/>
						<line branch="true" hits="0" number="145" condition-coverage="0% (0/2)"/>
						<line branch="true" hits="0" number="148" condition-coverage="0% (0/2)"/>
						<line branch="false" hits="0" number="155"/>
						<line branch="false" hits="0" number="165"/>
						<line branch="false" hits="0" number="175"/>
						<line branch="false" hits="0" number="185"/>
						<line branch="false" hits="0" number="195"/>
						<line branch="false" hits="0" number="205"/>
						<line branch="false" hits="0" number="215"/>
						<line branch="true" hits="0" number="216" condition-coverage="0% (0/2)"/>
					</lines>
				</class>
			</classes>
		</package>
	</packages>
</coverage>
